$**************  SCADETOC Version 6.4.2 (build i26) **************
** Generation date: 2014-09-15T08:01:59
** Command: scade -code "C:\Users\ThiagoRRamos\CES65\si-lansab\Launcher\TS04\UserApplication\testeCamera.etp" -node testeCamera -conf Simulation -build
*************************************************************$
*** Generated Files Information (GENFIL): KCG- Generated files
 ~kcg.log
  at file C:\Users\ThiagoRRamos\CES65\si-lansab\Launcher\TS04\UserApplication\kcg.log, line 0, character 0
 ~kcg_s2c_config.txt
  at file C:\Users\ThiagoRRamos\CES65\si-lansab\Launcher\TS04\UserApplication\kcg_s2c_config.txt, line 0, character 0
 ~kcg_trace.xml
  at file C:\Users\ThiagoRRamos\CES65\si-lansab\Launcher\TS04\UserApplication\kcg_trace.xml, line 0, character 0
 ~kcg_metrics.txt
  at file C:\Users\ThiagoRRamos\CES65\si-lansab\Launcher\TS04\UserApplication\kcg_metrics.txt, line 0, character 0
 ~testeCamera.c
  at file C:\Users\ThiagoRRamos\CES65\si-lansab\Launcher\TS04\UserApplication\testeCamera.c, line 0, character 0
 ~testeCamera.h
  at file C:\Users\ThiagoRRamos\CES65\si-lansab\Launcher\TS04\UserApplication\testeCamera.h, line 0, character 0
 ~kcg_types.h
  at file C:\Users\ThiagoRRamos\CES65\si-lansab\Launcher\TS04\UserApplication\kcg_types.h, line 0, character 0
 ~kcg_consts.h
  at file C:\Users\ThiagoRRamos\CES65\si-lansab\Launcher\TS04\UserApplication\kcg_consts.h, line 0, character 0
 ~kcg_sensors.h
  at file C:\Users\ThiagoRRamos\CES65\si-lansab\Launcher\TS04\UserApplication\kcg_sensors.h, line 0, character 0
 ~kcg_types.c
  at file C:\Users\ThiagoRRamos\CES65\si-lansab\Launcher\TS04\UserApplication\kcg_types.c, line 0, character 0
 ~kcg_consts.c
  at file C:\Users\ThiagoRRamos\CES65\si-lansab\Launcher\TS04\UserApplication\kcg_consts.c, line 0, character 0
*** Generated Files Information (GENFIL): Simulator Generated files
 ~testeCamera_UA_1.c
  at file C:\Users\ThiagoRRamos\CES65\si-lansab\Launcher\TS04\UserApplication\testeCamera_UA_1.c, line 0, character 0
 ~testeCamera_UA_1.h
  at file C:\Users\ThiagoRRamos\CES65\si-lansab\Launcher\TS04\UserApplication\testeCamera_UA_1.h, line 0, character 0
 ~testeCamera_cosim.c
  at file C:\Users\ThiagoRRamos\CES65\si-lansab\Launcher\TS04\UserApplication\testeCamera_cosim.c, line 0, character 0
 ~testeCamera_type.h
  at file C:\Users\ThiagoRRamos\CES65\si-lansab\Launcher\TS04\UserApplication\testeCamera_type.h, line 0, character 0
 ~testeCamera_type.c
  at file C:\Users\ThiagoRRamos\CES65\si-lansab\Launcher\TS04\UserApplication\testeCamera_type.c, line 0, character 0
 ~testeCamera_mapping.h
  at file C:\Users\ThiagoRRamos\CES65\si-lansab\Launcher\TS04\UserApplication\testeCamera_mapping.h, line 0, character 0
 ~testeCamera_mapping.c
  at file C:\Users\ThiagoRRamos\CES65\si-lansab\Launcher\TS04\UserApplication\testeCamera_mapping.c, line 0, character 0
 ~testeCamera_interface.h
  at file C:\Users\ThiagoRRamos\CES65\si-lansab\Launcher\TS04\UserApplication\testeCamera_interface.h, line 0, character 0
 ~testeCamera_interface.c
  at file C:\Users\ThiagoRRamos\CES65\si-lansab\Launcher\TS04\UserApplication\testeCamera_interface.c, line 0, character 0
 ~testeCamera_dll.c
  at file C:\Users\ThiagoRRamos\CES65\si-lansab\Launcher\TS04\UserApplication\testeCamera_dll.c, line 0, character 0
*** Generated Files Information (GENFIL): Type Utils Generated files
 ~testeCamera_newtype.h
  at file C:\Users\ThiagoRRamos\CES65\si-lansab\Launcher\TS04\UserApplication\testeCamera_newtype.h, line 0, character 0
 ~testeCamera_newtype.c
  at file C:\Users\ThiagoRRamos\CES65\si-lansab\Launcher\TS04\UserApplication\testeCamera_newtype.c, line 0, character 0
*** Generated Files Information (GENFIL): Mapping Utils Generated files
 ~testeCamera_newmapping.h
  at file C:\Users\ThiagoRRamos\CES65\si-lansab\Launcher\TS04\UserApplication\testeCamera_newmapping.h, line 0, character 0
 ~testeCamera_newmapping.c
  at file C:\Users\ThiagoRRamos\CES65\si-lansab\Launcher\TS04\UserApplication\testeCamera_newmapping.c, line 0, character 0
*** Generated Files Information (GENFIL): Build Generated files
 ~Makefile
  at file C:\Users\ThiagoRRamos\CES65\si-lansab\Launcher\TS04\UserApplication\Makefile, line 0, character 0
 ~testeCamera.dll
  at file C:\Users\ThiagoRRamos\CES65\si-lansab\Launcher\TS04\UserApplication\testeCamera.dll, line 0, character 0
 ~testeCamera.exe
  at file C:\Users\ThiagoRRamos\CES65\si-lansab\Launcher\TS04\UserApplication\testeCamera.exe, line 0, character 0
*** Generated Files Information (GENFIL): Code Generator Generated files
 ~sc2c.log
  at file C:\Users\ThiagoRRamos\CES65\si-lansab\Launcher\TS04\UserApplication\sc2c.log, line 0, character 0
 ~sc2c_integration_files.txt
  at file C:\Users\ThiagoRRamos\CES65\si-lansab\Launcher\TS04\UserApplication\sc2c_integration_files.txt, line 0, character 0
$**************  SCADETOC Version 6.4.2 (build i26) **************
** Generation date: 2014-09-15T08:02:16
** sc2c.log
*************************************************************$
